app/build/intermediates/manifest_merge_blame_file/debug/manifest-merger-blame-debug-report.txt
1<?xml version="1.0" encoding="utf-8"?>
2<manifest xmlns:android="http://schemas.android.com/apk/res/android"
3    package="com.occxlnce.banditzride"
4    android:versionCode="1"
5    android:versionName="1.0" >
6
7    <uses-sdk
8        android:minSdkVersion="24"
9        android:targetSdkVersion="34" />
10
11    <uses-permission android:name="android.permission.INTERNET" />
11-->src\main\AndroidManifest.xml:5:5-67
11-->src\main\AndroidManifest.xml:5:22-64
12    <uses-permission android:name="android.permission.ACCESS_FINE_LOCATION" />
12-->src\main\AndroidManifest.xml:6:5-79
12-->src\main\AndroidManifest.xml:6:22-76
13    <uses-permission android:name="android.permission.ACCESS_COARSE_LOCATION" />
13-->src\main\AndroidManifest.xml:7:5-81
13-->src\main\AndroidManifest.xml:7:22-78
14    <uses-permission android:name="android.permission.ACCESS_NETWORK_STATE" />
14-->src\main\AndroidManifest.xml:8:5-79
14-->src\main\AndroidManifest.xml:8:22-76
15    <uses-permission android:name="android.permission.BLUETOOTH" />
15-->src\main\AndroidManifest.xml:10:5-67
15-->src\main\AndroidManifest.xml:10:22-65
16    <uses-permission android:name="android.permission.BLUETOOTH_ADMIN" />
16-->src\main\AndroidManifest.xml:11:5-73
16-->src\main\AndroidManifest.xml:11:22-71
17    <uses-permission android:name="android.permission.BLUETOOTH_SCAN" />
17-->src\main\AndroidManifest.xml:12:5-72
17-->src\main\AndroidManifest.xml:12:22-70
18    <uses-permission android:name="android.permission.BLUETOOTH_ADVERTISE" />
18-->src\main\AndroidManifest.xml:13:5-78
18-->src\main\AndroidManifest.xml:13:22-75
19    <uses-permission android:name="android.permission.BLUETOOTH_CONNECT" />
19-->src\main\AndroidManifest.xml:14:5-75
19-->src\main\AndroidManifest.xml:14:22-73
20    <uses-permission android:name="android.permission.CAMERA" />
20-->src\main\AndroidManifest.xml:16:5-64
20-->src\main\AndroidManifest.xml:16:22-62
21
22    <uses-feature android:name="android.hardware.camera" />
22-->src\main\AndroidManifest.xml:17:5-59
22-->src\main\AndroidManifest.xml:17:19-57
23    <uses-feature android:name="android.hardware.camera.autofocus" />
23-->src\main\AndroidManifest.xml:18:5-69
23-->src\main\AndroidManifest.xml:18:19-67
24    <uses-feature
24-->[com.google.android.gms:play-services-maps:18.2.0] AndroidManifest.xml:26:5-28:35
25        android:glEsVersion="0x00020000"
25-->[com.google.android.gms:play-services-maps:18.2.0] AndroidManifest.xml:27:9-41
26        android:required="true" />
26-->[com.google.android.gms:play-services-maps:18.2.0] AndroidManifest.xml:28:9-32
27
28    <queries>
28-->[com.google.android.gms:play-services-maps:18.2.0] AndroidManifest.xml:30:5-34:15
29
30        <!-- Needs to be explicitly declared on Android R+ -->
31        <package android:name="com.google.android.apps.maps" />
31-->[com.google.android.gms:play-services-maps:18.2.0] AndroidManifest.xml:33:9-64
31-->[com.google.android.gms:play-services-maps:18.2.0] AndroidManifest.xml:33:18-61
32    </queries>
33
34    <uses-permission android:name="android.permission.WAKE_LOCK" />
34-->[com.google.android.gms:play-services-measurement-api:22.1.0] AndroidManifest.xml:24:5-68
34-->[com.google.android.gms:play-services-measurement-api:22.1.0] AndroidManifest.xml:24:22-65
35    <uses-permission android:name="com.google.android.gms.permission.AD_ID" />
35-->[com.google.android.gms:play-services-measurement-api:22.1.0] AndroidManifest.xml:25:5-79
35-->[com.google.android.gms:play-services-measurement-api:22.1.0] AndroidManifest.xml:25:22-76
36    <uses-permission android:name="android.permission.ACCESS_ADSERVICES_ATTRIBUTION" />
36-->[com.google.android.gms:play-services-measurement-api:22.1.0] AndroidManifest.xml:26:5-88
36-->[com.google.android.gms:play-services-measurement-api:22.1.0] AndroidManifest.xml:26:22-85
37    <uses-permission android:name="android.permission.ACCESS_ADSERVICES_AD_ID" />
37-->[com.google.android.gms:play-services-measurement-api:22.1.0] AndroidManifest.xml:27:5-82
37-->[com.google.android.gms:play-services-measurement-api:22.1.0] AndroidManifest.xml:27:22-79
38    <uses-permission android:name="com.google.android.finsky.permission.BIND_GET_INSTALL_REFERRER_SERVICE" />
38-->[com.google.android.gms:play-services-measurement:22.1.0] AndroidManifest.xml:26:5-110
38-->[com.google.android.gms:play-services-measurement:22.1.0] AndroidManifest.xml:26:22-107
39    <uses-permission android:name="com.google.android.providers.gsf.permission.READ_GSERVICES" />
39-->[com.google.android.recaptcha:recaptcha:18.4.0] AndroidManifest.xml:9:5-98
39-->[com.google.android.recaptcha:recaptcha:18.4.0] AndroidManifest.xml:9:22-95
40
41    <permission
41-->[androidx.core:core:1.9.0] AndroidManifest.xml:22:5-24:47
42        android:name="com.occxlnce.banditzride.DYNAMIC_RECEIVER_NOT_EXPORTED_PERMISSION"
42-->[androidx.core:core:1.9.0] AndroidManifest.xml:23:9-81
43        android:protectionLevel="signature" />
43-->[androidx.core:core:1.9.0] AndroidManifest.xml:24:9-44
44
45    <uses-permission android:name="com.occxlnce.banditzride.DYNAMIC_RECEIVER_NOT_EXPORTED_PERMISSION" />
45-->[androidx.core:core:1.9.0] AndroidManifest.xml:26:5-97
45-->[androidx.core:core:1.9.0] AndroidManifest.xml:26:22-94
46
47    <uses-feature
47-->[com.journeyapps:zxing-android-embedded:4.3.0] AndroidManifest.xml:28:5-30:36
48        android:name="android.hardware.camera.front"
48-->[com.journeyapps:zxing-android-embedded:4.3.0] AndroidManifest.xml:29:9-53
49        android:required="false" />
49-->[com.journeyapps:zxing-android-embedded:4.3.0] AndroidManifest.xml:30:9-33
50    <uses-feature
50-->[com.journeyapps:zxing-android-embedded:4.3.0] AndroidManifest.xml:36:5-38:36
51        android:name="android.hardware.camera.flash"
51-->[com.journeyapps:zxing-android-embedded:4.3.0] AndroidManifest.xml:37:9-53
52        android:required="false" />
52-->[com.journeyapps:zxing-android-embedded:4.3.0] AndroidManifest.xml:38:9-33
53    <uses-feature
53-->[com.journeyapps:zxing-android-embedded:4.3.0] AndroidManifest.xml:39:5-41:36
54        android:name="android.hardware.screen.landscape"
54-->[com.journeyapps:zxing-android-embedded:4.3.0] AndroidManifest.xml:40:9-57
55        android:required="false" />
55-->[com.journeyapps:zxing-android-embedded:4.3.0] AndroidManifest.xml:41:9-33
56    <uses-feature
56-->[com.journeyapps:zxing-android-embedded:4.3.0] AndroidManifest.xml:42:5-44:36
57        android:name="android.hardware.wifi"
57-->[com.journeyapps:zxing-android-embedded:4.3.0] AndroidManifest.xml:43:9-45
58        android:required="false" />
58-->[com.journeyapps:zxing-android-embedded:4.3.0] AndroidManifest.xml:44:9-33
59
60    <application
60-->src\main\AndroidManifest.xml:20:5-88:19
61        android:allowBackup="true"
61-->src\main\AndroidManifest.xml:21:9-35
62        android:appComponentFactory="androidx.core.app.CoreComponentFactory"
62-->[androidx.core:core:1.9.0] AndroidManifest.xml:28:18-86
63        android:dataExtractionRules="@xml/data_extraction_rules"
63-->src\main\AndroidManifest.xml:22:9-65
64        android:debuggable="true"
65        android:extractNativeLibs="false"
66        android:fullBackupContent="@xml/backup_rules"
66-->src\main\AndroidManifest.xml:23:9-54
67        android:icon="@mipmap/ic_launcher"
67-->src\main\AndroidManifest.xml:24:9-43
68        android:label="@string/default_web_client_id"
68-->src\main\AndroidManifest.xml:25:9-54
69        android:supportsRtl="true"
69-->src\main\AndroidManifest.xml:26:9-35
70        android:testOnly="true"
71        android:theme="@style/Theme.BANDITZRIDE" >
71-->src\main\AndroidManifest.xml:27:9-49
72        <activity
72-->src\main\AndroidManifest.xml:32:9-37:20
73            android:name="com.occxlnce.banditzride.QrScannerActivity"
73-->src\main\AndroidManifest.xml:33:13-46
74            android:screenOrientation="portrait"
74-->src\main\AndroidManifest.xml:34:13-49
75            android:stateNotNeeded="true"
75-->src\main\AndroidManifest.xml:35:13-42
76            android:windowSoftInputMode="stateAlwaysHidden" >
76-->src\main\AndroidManifest.xml:36:13-60
77        </activity>
78        <activity
78-->src\main\AndroidManifest.xml:39:9-43:20
79            android:name="com.occxlnce.banditzride.CaptureAct"
79-->src\main\AndroidManifest.xml:39:19-45
80            android:screenOrientation="portrait"
80-->src\main\AndroidManifest.xml:40:13-49
81            android:stateNotNeeded="true"
81-->src\main\AndroidManifest.xml:41:13-42
82            android:windowSoftInputMode="stateAlwaysHidden" >
82-->src\main\AndroidManifest.xml:42:13-60
83        </activity>
84        <activity
84-->src\main\AndroidManifest.xml:45:9-47:40
85            android:name="com.occxlnce.banditzride.UserDetailsActivity"
85-->src\main\AndroidManifest.xml:46:13-48
86            android:exported="false" />
86-->src\main\AndroidManifest.xml:47:13-37
87        <activity
87-->src\main\AndroidManifest.xml:48:9-50:40
88            android:name="com.occxlnce.banditzride.GoogleSignin"
88-->src\main\AndroidManifest.xml:49:13-41
89            android:exported="false" />
89-->src\main\AndroidManifest.xml:50:13-37
90        <activity
90-->src\main\AndroidManifest.xml:51:9-53:40
91            android:name="com.occxlnce.banditzride.OTPActivity"
91-->src\main\AndroidManifest.xml:52:13-40
92            android:exported="false" />
92-->src\main\AndroidManifest.xml:53:13-37
93        <activity
93-->src\main\AndroidManifest.xml:54:9-56:40
94            android:name="com.occxlnce.banditzride.PhoneActivity"
94-->src\main\AndroidManifest.xml:55:13-42
95            android:exported="false" />
95-->src\main\AndroidManifest.xml:56:13-37
96        <activity
96-->src\main\AndroidManifest.xml:57:9-59:40
97            android:name="com.occxlnce.banditzride.HomeActivity"
97-->src\main\AndroidManifest.xml:58:13-41
98            android:exported="false" />
98-->src\main\AndroidManifest.xml:59:13-37
99        <activity
99-->src\main\AndroidManifest.xml:60:9-62:40
100            android:name="com.occxlnce.banditzride.OnboardingActivity"
100-->src\main\AndroidManifest.xml:61:13-47
101            android:exported="false" />
101-->src\main\AndroidManifest.xml:62:13-37
102        <activity
102-->src\main\AndroidManifest.xml:63:9-71:20
103            android:name="com.occxlnce.banditzride.SplashActivity"
103-->src\main\AndroidManifest.xml:64:13-43
104            android:exported="true" >
104-->src\main\AndroidManifest.xml:65:13-36
105            <intent-filter>
105-->src\main\AndroidManifest.xml:66:13-70:29
106                <action android:name="android.intent.action.MAIN" />
106-->src\main\AndroidManifest.xml:67:17-69
106-->src\main\AndroidManifest.xml:67:25-66
107
108                <category android:name="android.intent.category.LAUNCHER" />
108-->src\main\AndroidManifest.xml:69:17-77
108-->src\main\AndroidManifest.xml:69:27-74
109            </intent-filter>
110        </activity>
111        <activity
111-->src\main\AndroidManifest.xml:72:9-74:40
112            android:name="com.occxlnce.banditzride.SplashBicycleActivity"
112-->src\main\AndroidManifest.xml:73:13-50
113            android:exported="false" />
113-->src\main\AndroidManifest.xml:74:13-37
114        <activity
114-->src\main\AndroidManifest.xml:75:9-77:40
115            android:name="com.occxlnce.banditzride.MainActivity"
115-->src\main\AndroidManifest.xml:76:13-41
116            android:exported="false" />
116-->src\main\AndroidManifest.xml:77:13-37
117
118        <meta-data
118-->src\main\AndroidManifest.xml:79:9-81:71
119            android:name="com.google.android.geo.API_KEY"
119-->src\main\AndroidManifest.xml:80:13-58
120            android:value="AIzaSyA3mDIibUilLQrtMzzjDVIHZrpppWofBo0" />
120-->src\main\AndroidManifest.xml:81:13-68
121        <meta-data
121-->src\main\AndroidManifest.xml:82:9-84:69
122            android:name="com.google.android.gms.version"
122-->src\main\AndroidManifest.xml:83:13-58
123            android:value="@integer/google_play_services_version" />
123-->src\main\AndroidManifest.xml:84:13-66
124        <meta-data
124-->src\main\AndroidManifest.xml:85:9-87:57
125            android:name="preloaded_fonts"
125-->src\main\AndroidManifest.xml:86:13-43
126            android:resource="@array/preloaded_fonts" />
126-->src\main\AndroidManifest.xml:87:13-54
127
128        <service
128-->[com.google.firebase:firebase-storage:21.0.1] AndroidManifest.xml:27:9-36:19
129            android:name="com.google.firebase.components.ComponentDiscoveryService"
129-->[com.google.firebase:firebase-storage:21.0.1] AndroidManifest.xml:28:13-84
130            android:directBootAware="true"
130-->[com.google.firebase:firebase-common:21.0.0] AndroidManifest.xml:32:13-43
131            android:exported="false" >
131-->[com.google.firebase:firebase-storage:21.0.1] AndroidManifest.xml:29:13-37
132            <meta-data
132-->[com.google.firebase:firebase-storage:21.0.1] AndroidManifest.xml:30:13-32:85
133                android:name="com.google.firebase.components:com.google.firebase.storage.FirebaseStorageKtxRegistrar"
133-->[com.google.firebase:firebase-storage:21.0.1] AndroidManifest.xml:31:17-118
134                android:value="com.google.firebase.components.ComponentRegistrar" />
134-->[com.google.firebase:firebase-storage:21.0.1] AndroidManifest.xml:32:17-82
135            <meta-data
135-->[com.google.firebase:firebase-storage:21.0.1] AndroidManifest.xml:33:13-35:85
136                android:name="com.google.firebase.components:com.google.firebase.storage.StorageRegistrar"
136-->[com.google.firebase:firebase-storage:21.0.1] AndroidManifest.xml:34:17-107
137                android:value="com.google.firebase.components.ComponentRegistrar" />
137-->[com.google.firebase:firebase-storage:21.0.1] AndroidManifest.xml:35:17-82
138            <meta-data
138-->[com.google.firebase:firebase-analytics-ktx:22.1.0] AndroidManifest.xml:11:13-13:85
139                android:name="com.google.firebase.components:com.google.firebase.analytics.ktx.FirebaseAnalyticsLegacyRegistrar"
139-->[com.google.firebase:firebase-analytics-ktx:22.1.0] AndroidManifest.xml:12:17-129
140                android:value="com.google.firebase.components.ComponentRegistrar" />
140-->[com.google.firebase:firebase-analytics-ktx:22.1.0] AndroidManifest.xml:13:17-82
141            <meta-data
141-->[com.google.firebase:firebase-auth-ktx:23.0.0] AndroidManifest.xml:11:13-13:85
142                android:name="com.google.firebase.components:com.google.firebase.auth.ktx.FirebaseAuthLegacyRegistrar"
142-->[com.google.firebase:firebase-auth-ktx:23.0.0] AndroidManifest.xml:12:17-119
143                android:value="com.google.firebase.components.ComponentRegistrar" />
143-->[com.google.firebase:firebase-auth-ktx:23.0.0] AndroidManifest.xml:13:17-82
144            <meta-data
144-->[com.google.firebase:firebase-auth:23.0.0] AndroidManifest.xml:69:13-71:85
145                android:name="com.google.firebase.components:com.google.firebase.auth.FirebaseAuthRegistrar"
145-->[com.google.firebase:firebase-auth:23.0.0] AndroidManifest.xml:70:17-109
146                android:value="com.google.firebase.components.ComponentRegistrar" />
146-->[com.google.firebase:firebase-auth:23.0.0] AndroidManifest.xml:71:17-82
147            <meta-data
147-->[com.google.firebase:firebase-database-ktx:21.0.0] AndroidManifest.xml:12:13-14:85
148                android:name="com.google.firebase.components:com.google.firebase.database.ktx.FirebaseDatabaseLegacyRegistrar"
148-->[com.google.firebase:firebase-database-ktx:21.0.0] AndroidManifest.xml:13:17-127
149                android:value="com.google.firebase.components.ComponentRegistrar" />
149-->[com.google.firebase:firebase-database-ktx:21.0.0] AndroidManifest.xml:14:17-82
150            <meta-data
150-->[com.google.firebase:firebase-database:21.0.0] AndroidManifest.xml:29:13-31:85
151                android:name="com.google.firebase.components:com.google.firebase.database.FirebaseDatabaseKtxRegistrar"
151-->[com.google.firebase:firebase-database:21.0.0] AndroidManifest.xml:30:17-120
152                android:value="com.google.firebase.components.ComponentRegistrar" />
152-->[com.google.firebase:firebase-database:21.0.0] AndroidManifest.xml:31:17-82
153            <meta-data
153-->[com.google.firebase:firebase-database:21.0.0] AndroidManifest.xml:32:13-34:85
154                android:name="com.google.firebase.components:com.google.firebase.database.DatabaseRegistrar"
154-->[com.google.firebase:firebase-database:21.0.0] AndroidManifest.xml:33:17-109
155                android:value="com.google.firebase.components.ComponentRegistrar" />
155-->[com.google.firebase:firebase-database:21.0.0] AndroidManifest.xml:34:17-82
156            <meta-data
156-->[com.google.firebase:firebase-appcheck:18.0.0] AndroidManifest.xml:25:13-27:85
157                android:name="com.google.firebase.components:com.google.firebase.appcheck.FirebaseAppCheckKtxRegistrar"
157-->[com.google.firebase:firebase-appcheck:18.0.0] AndroidManifest.xml:26:17-120
158                android:value="com.google.firebase.components.ComponentRegistrar" />
158-->[com.google.firebase:firebase-appcheck:18.0.0] AndroidManifest.xml:27:17-82
159            <meta-data
159-->[com.google.firebase:firebase-appcheck:18.0.0] AndroidManifest.xml:28:13-30:85
160                android:name="com.google.firebase.components:com.google.firebase.appcheck.FirebaseAppCheckRegistrar"
160-->[com.google.firebase:firebase-appcheck:18.0.0] AndroidManifest.xml:29:17-117
161                android:value="com.google.firebase.components.ComponentRegistrar" />
161-->[com.google.firebase:firebase-appcheck:18.0.0] AndroidManifest.xml:30:17-82
162            <meta-data
162-->[com.google.android.gms:play-services-measurement-api:22.1.0] AndroidManifest.xml:37:13-39:85
163                android:name="com.google.firebase.components:com.google.firebase.analytics.connector.internal.AnalyticsConnectorRegistrar"
163-->[com.google.android.gms:play-services-measurement-api:22.1.0] AndroidManifest.xml:38:17-139
164                android:value="com.google.firebase.components.ComponentRegistrar" />
164-->[com.google.android.gms:play-services-measurement-api:22.1.0] AndroidManifest.xml:39:17-82
165            <meta-data
165-->[com.google.firebase:firebase-installations:18.0.0] AndroidManifest.xml:15:13-17:85
166                android:name="com.google.firebase.components:com.google.firebase.installations.FirebaseInstallationsKtxRegistrar"
166-->[com.google.firebase:firebase-installations:18.0.0] AndroidManifest.xml:16:17-130
167                android:value="com.google.firebase.components.ComponentRegistrar" />
167-->[com.google.firebase:firebase-installations:18.0.0] AndroidManifest.xml:17:17-82
168            <meta-data
168-->[com.google.firebase:firebase-installations:18.0.0] AndroidManifest.xml:18:13-20:85
169                android:name="com.google.firebase.components:com.google.firebase.installations.FirebaseInstallationsRegistrar"
169-->[com.google.firebase:firebase-installations:18.0.0] AndroidManifest.xml:19:17-127
170                android:value="com.google.firebase.components.ComponentRegistrar" />
170-->[com.google.firebase:firebase-installations:18.0.0] AndroidManifest.xml:20:17-82
171            <meta-data
171-->[com.google.firebase:firebase-common-ktx:21.0.0] AndroidManifest.xml:12:13-14:85
172                android:name="com.google.firebase.components:com.google.firebase.ktx.FirebaseCommonLegacyRegistrar"
172-->[com.google.firebase:firebase-common-ktx:21.0.0] AndroidManifest.xml:13:17-116
173                android:value="com.google.firebase.components.ComponentRegistrar" />
173-->[com.google.firebase:firebase-common-ktx:21.0.0] AndroidManifest.xml:14:17-82
174            <meta-data
174-->[com.google.firebase:firebase-common:21.0.0] AndroidManifest.xml:35:13-37:85
175                android:name="com.google.firebase.components:com.google.firebase.FirebaseCommonKtxRegistrar"
175-->[com.google.firebase:firebase-common:21.0.0] AndroidManifest.xml:36:17-109
176                android:value="com.google.firebase.components.ComponentRegistrar" />
176-->[com.google.firebase:firebase-common:21.0.0] AndroidManifest.xml:37:17-82
177        </service>
178
179        <activity
179-->[com.google.firebase:firebase-auth:23.0.0] AndroidManifest.xml:29:9-46:20
180            android:name="com.google.firebase.auth.internal.GenericIdpActivity"
180-->[com.google.firebase:firebase-auth:23.0.0] AndroidManifest.xml:30:13-80
181            android:excludeFromRecents="true"
181-->[com.google.firebase:firebase-auth:23.0.0] AndroidManifest.xml:31:13-46
182            android:exported="true"
182-->[com.google.firebase:firebase-auth:23.0.0] AndroidManifest.xml:32:13-36
183            android:launchMode="singleTask"
183-->[com.google.firebase:firebase-auth:23.0.0] AndroidManifest.xml:33:13-44
184            android:theme="@android:style/Theme.Translucent.NoTitleBar" >
184-->[com.google.firebase:firebase-auth:23.0.0] AndroidManifest.xml:34:13-72
185            <intent-filter>
185-->[com.google.firebase:firebase-auth:23.0.0] AndroidManifest.xml:35:13-45:29
186                <action android:name="android.intent.action.VIEW" />
186-->[com.google.firebase:firebase-auth:23.0.0] AndroidManifest.xml:36:17-69
186-->[com.google.firebase:firebase-auth:23.0.0] AndroidManifest.xml:36:25-66
187
188                <category android:name="android.intent.category.DEFAULT" />
188-->[com.google.firebase:firebase-auth:23.0.0] AndroidManifest.xml:38:17-76
188-->[com.google.firebase:firebase-auth:23.0.0] AndroidManifest.xml:38:27-73
189                <category android:name="android.intent.category.BROWSABLE" />
189-->[com.google.firebase:firebase-auth:23.0.0] AndroidManifest.xml:39:17-78
189-->[com.google.firebase:firebase-auth:23.0.0] AndroidManifest.xml:39:27-75
190
191                <data
191-->[com.google.firebase:firebase-auth:23.0.0] AndroidManifest.xml:41:17-44:51
192                    android:host="firebase.auth"
192-->[com.google.firebase:firebase-auth:23.0.0] AndroidManifest.xml:42:21-49
193                    android:path="/"
193-->[com.google.firebase:firebase-auth:23.0.0] AndroidManifest.xml:43:21-37
194                    android:scheme="genericidp" />
194-->[com.google.firebase:firebase-auth:23.0.0] AndroidManifest.xml:44:21-48
195            </intent-filter>
196        </activity>
197        <activity
197-->[com.google.firebase:firebase-auth:23.0.0] AndroidManifest.xml:47:9-64:20
198            android:name="com.google.firebase.auth.internal.RecaptchaActivity"
198-->[com.google.firebase:firebase-auth:23.0.0] AndroidManifest.xml:48:13-79
199            android:excludeFromRecents="true"
199-->[com.google.firebase:firebase-auth:23.0.0] AndroidManifest.xml:49:13-46
200            android:exported="true"
200-->[com.google.firebase:firebase-auth:23.0.0] AndroidManifest.xml:50:13-36
201            android:launchMode="singleTask"
201-->[com.google.firebase:firebase-auth:23.0.0] AndroidManifest.xml:51:13-44
202            android:theme="@android:style/Theme.Translucent.NoTitleBar" >
202-->[com.google.firebase:firebase-auth:23.0.0] AndroidManifest.xml:52:13-72
203            <intent-filter>
203-->[com.google.firebase:firebase-auth:23.0.0] AndroidManifest.xml:53:13-63:29
204                <action android:name="android.intent.action.VIEW" />
204-->[com.google.firebase:firebase-auth:23.0.0] AndroidManifest.xml:36:17-69
204-->[com.google.firebase:firebase-auth:23.0.0] AndroidManifest.xml:36:25-66
205
206                <category android:name="android.intent.category.DEFAULT" />
206-->[com.google.firebase:firebase-auth:23.0.0] AndroidManifest.xml:38:17-76
206-->[com.google.firebase:firebase-auth:23.0.0] AndroidManifest.xml:38:27-73
207                <category android:name="android.intent.category.BROWSABLE" />
207-->[com.google.firebase:firebase-auth:23.0.0] AndroidManifest.xml:39:17-78
207-->[com.google.firebase:firebase-auth:23.0.0] AndroidManifest.xml:39:27-75
208
209                <data
209-->[com.google.firebase:firebase-auth:23.0.0] AndroidManifest.xml:41:17-44:51
210                    android:host="firebase.auth"
210-->[com.google.firebase:firebase-auth:23.0.0] AndroidManifest.xml:42:21-49
211                    android:path="/"
211-->[com.google.firebase:firebase-auth:23.0.0] AndroidManifest.xml:43:21-37
212                    android:scheme="recaptcha" />
212-->[com.google.firebase:firebase-auth:23.0.0] AndroidManifest.xml:44:21-48
213            </intent-filter>
214        </activity>
215
216        <service
216-->[androidx.credentials:credentials-play-services-auth:1.2.0-rc01] AndroidManifest.xml:24:9-32:19
217            android:name="androidx.credentials.playservices.CredentialProviderMetadataHolder"
217-->[androidx.credentials:credentials-play-services-auth:1.2.0-rc01] AndroidManifest.xml:25:13-94
218            android:enabled="true"
218-->[androidx.credentials:credentials-play-services-auth:1.2.0-rc01] AndroidManifest.xml:26:13-35
219            android:exported="false" >
219-->[androidx.credentials:credentials-play-services-auth:1.2.0-rc01] AndroidManifest.xml:27:13-37
220            <meta-data
220-->[androidx.credentials:credentials-play-services-auth:1.2.0-rc01] AndroidManifest.xml:29:13-31:104
221                android:name="androidx.credentials.CREDENTIAL_PROVIDER_KEY"
221-->[androidx.credentials:credentials-play-services-auth:1.2.0-rc01] AndroidManifest.xml:30:17-76
222                android:value="androidx.credentials.playservices.CredentialProviderPlayServicesImpl" />
222-->[androidx.credentials:credentials-play-services-auth:1.2.0-rc01] AndroidManifest.xml:31:17-101
223        </service>
224
225        <activity
225-->[androidx.credentials:credentials-play-services-auth:1.2.0-rc01] AndroidManifest.xml:34:9-41:20
226            android:name="androidx.credentials.playservices.HiddenActivity"
226-->[androidx.credentials:credentials-play-services-auth:1.2.0-rc01] AndroidManifest.xml:35:13-76
227            android:configChanges="orientation|screenSize|screenLayout|keyboardHidden"
227-->[androidx.credentials:credentials-play-services-auth:1.2.0-rc01] AndroidManifest.xml:36:13-87
228            android:enabled="true"
228-->[androidx.credentials:credentials-play-services-auth:1.2.0-rc01] AndroidManifest.xml:37:13-35
229            android:exported="false"
229-->[androidx.credentials:credentials-play-services-auth:1.2.0-rc01] AndroidManifest.xml:38:13-37
230            android:fitsSystemWindows="true"
230-->[androidx.credentials:credentials-play-services-auth:1.2.0-rc01] AndroidManifest.xml:39:13-45
231            android:theme="@style/Theme.Hidden" >
231-->[androidx.credentials:credentials-play-services-auth:1.2.0-rc01] AndroidManifest.xml:40:13-48
232        </activity>
233        <activity
233-->[com.google.android.gms:play-services-auth:20.7.0] AndroidManifest.xml:23:9-27:75
234            android:name="com.google.android.gms.auth.api.signin.internal.SignInHubActivity"
234-->[com.google.android.gms:play-services-auth:20.7.0] AndroidManifest.xml:24:13-93
235            android:excludeFromRecents="true"
235-->[com.google.android.gms:play-services-auth:20.7.0] AndroidManifest.xml:25:13-46
236            android:exported="false"
236-->[com.google.android.gms:play-services-auth:20.7.0] AndroidManifest.xml:26:13-37
237            android:theme="@android:style/Theme.Translucent.NoTitleBar" />
237-->[com.google.android.gms:play-services-auth:20.7.0] AndroidManifest.xml:27:13-72
238        <!--
239            Service handling Google Sign-In user revocation. For apps that do not integrate with
240            Google Sign-In, this service will never be started.
241        -->
242        <service
242-->[com.google.android.gms:play-services-auth:20.7.0] AndroidManifest.xml:33:9-37:51
243            android:name="com.google.android.gms.auth.api.signin.RevocationBoundService"
243-->[com.google.android.gms:play-services-auth:20.7.0] AndroidManifest.xml:34:13-89
244            android:exported="true"
244-->[com.google.android.gms:play-services-auth:20.7.0] AndroidManifest.xml:35:13-36
245            android:permission="com.google.android.gms.auth.api.signin.permission.REVOCATION_NOTIFICATION"
245-->[com.google.android.gms:play-services-auth:20.7.0] AndroidManifest.xml:36:13-107
246            android:visibleToInstantApps="true" /> <!-- Needs to be explicitly declared on P+ -->
246-->[com.google.android.gms:play-services-auth:20.7.0] AndroidManifest.xml:37:13-48
247        <uses-library
247-->[com.google.android.gms:play-services-maps:18.2.0] AndroidManifest.xml:39:9-41:40
248            android:name="org.apache.http.legacy"
248-->[com.google.android.gms:play-services-maps:18.2.0] AndroidManifest.xml:40:13-50
249            android:required="false" />
249-->[com.google.android.gms:play-services-maps:18.2.0] AndroidManifest.xml:41:13-37
250
251        <activity
251-->[com.google.android.gms:play-services-base:18.3.0] AndroidManifest.xml:20:9-22:45
252            android:name="com.google.android.gms.common.api.GoogleApiActivity"
252-->[com.google.android.gms:play-services-base:18.3.0] AndroidManifest.xml:20:19-85
253            android:exported="false"
253-->[com.google.android.gms:play-services-base:18.3.0] AndroidManifest.xml:22:19-43
254            android:theme="@android:style/Theme.Translucent.NoTitleBar" />
254-->[com.google.android.gms:play-services-base:18.3.0] AndroidManifest.xml:21:19-78
255
256        <property
256-->[com.google.android.gms:play-services-measurement-api:22.1.0] AndroidManifest.xml:30:9-32:61
257            android:name="android.adservices.AD_SERVICES_CONFIG"
257-->[com.google.android.gms:play-services-measurement-api:22.1.0] AndroidManifest.xml:31:13-65
258            android:resource="@xml/ga_ad_services_config" />
258-->[com.google.android.gms:play-services-measurement-api:22.1.0] AndroidManifest.xml:32:13-58
259
260        <provider
260-->[com.google.firebase:firebase-common:21.0.0] AndroidManifest.xml:23:9-28:39